<?xml version="1.0" encoding="utf-8"?><testsuites><testsuite errors="0" failures="0" hostname="DESKTOP-IDUFA2K" name="pytest" skipped="0" tests="4" time="110.308" timestamp="2019-11-22T13:12:21.277331"><testcase classname="test_dir.test_checkcontract.Test_checkcontract" file="test_dir\test_checkcontract.py" line="14" name="test_checkcontract" time="18.619"></testcase><testcase classname="test_dir.test_private_createword.Test_createword" file="test_dir\test_private_createword.py" line="45" name="test_word" time="35.759"></testcase><testcase classname="test_dir.test_rename.Test_Rename" file="test_dir\test_rename.py" line="44" name="test_private" time="22.714"></testcase><testcase classname="test_dir.test_rubbish.Testrubbish" file="test_dir\test_rubbish.py" line="44" name="test_folder" time="33.159"></testcase></testsuite></testsuites>