<?xml version="1.0" encoding="utf-8"?><testsuites><testsuite errors="0" failures="0" hostname="DESKTOP-IDUFA2K" name="pytest" skipped="0" tests="3" time="105.766" timestamp="2019-11-11T19:41:14.891041"><testcase classname="test_dir.test_private_createword.Test_createword" file="test_dir\test_private_createword.py" line="45" name="test_word" time="44.633"></testcase><testcase classname="test_dir.test_rename.Test_Rename" file="test_dir\test_rename.py" line="44" name="test_private" time="24.970"></testcase><testcase classname="test_dir.test_rubbish.Testrubbish" file="test_dir\test_rubbish.py" line="44" name="test_folder" time="36.120"></testcase></testsuite></testsuites>